<?xml version="1.0" encoding="UTF-8"?>
<testsuite name="IIS.service.StatementIISServiceImpTest" tests="4" skipped="0" failures="0" errors="0" timestamp="2021-05-31T07:45:16" hostname="user-HP-ProBook-450-G7" time="0.031">
  <properties/>
  <testcase name="getStatusStatementByDepartmentAndTypeAndNumber()" classname="IIS.service.StatementIISServiceImpTest" time="0.007"/>
  <testcase name="registrationNewStatement()" classname="IIS.service.StatementIISServiceImpTest" time="0.015"/>
  <testcase name="registrationDuplicateStatement()" classname="IIS.service.StatementIISServiceImpTest" time="0.003"/>
  <testcase name="getStatusNonExistentStatementByDepartmentAndTypeAndNumber()" classname="IIS.service.StatementIISServiceImpTest" time="0.003"/>
  <system-out><![CDATA[]]></system-out>
  <system-err><![CDATA[]]></system-err>
</testsuite>
