<?xml version="1.0" encoding="UTF-8"?>
<testsuite name="IIS.service.ProcessingStatementScheduledImpTest" tests="1" skipped="0" failures="0" errors="0" timestamp="2021-05-31T07:45:16" hostname="user-HP-ProBook-450-G7" time="0.029">
  <properties/>
  <testcase name="processingStatementEmptyStatus()" classname="IIS.service.ProcessingStatementScheduledImpTest" time="0.029"/>
  <system-out><![CDATA[]]></system-out>
  <system-err><![CDATA[SLF4J: Failed to load class "org.slf4j.impl.StaticLoggerBinder".
SLF4J: Defaulting to no-operation (NOP) logger implementation
SLF4J: See http://www.slf4j.org/codes.html#StaticLoggerBinder for further details.
]]></system-err>
</testsuite>
