<?xml version="1.0" encoding="UTF-8"?>
<testsuite name="IIS.service.StatementIISServiceImpTest" tests="4" skipped="0" failures="0" errors="0" timestamp="2021-05-30T06:41:27" hostname="user-HP-ProBook-450-G7" time="0.055">
  <properties/>
  <testcase name="getStatusStatementByDepartmentAndTypeAndNumber()" classname="IIS.service.StatementIISServiceImpTest" time="0.011"/>
  <testcase name="registrationNewStatement()" classname="IIS.service.StatementIISServiceImpTest" time="0.025"/>
  <testcase name="registrationDuplicateStatement()" classname="IIS.service.StatementIISServiceImpTest" time="0.006"/>
  <testcase name="getStatusNonExistentStatementByDepartmentAndTypeAndNumber()" classname="IIS.service.StatementIISServiceImpTest" time="0.006"/>
  <system-out><![CDATA[]]></system-out>
  <system-err><![CDATA[]]></system-err>
</testsuite>
